<?xml version="1.0" encoding="UTF-8"?>
<!-- Generated by org.testng.reporters.JUnitReportReporter -->
<testsuite hostname="DESKTOP-O30L439" failures="0" tests="1" name="demoqa.book_store.LoginTests" time="7.074" errors="0" timestamp="2024-10-23T12:46:27 CEST" skipped="0">
  <testcase classname="demoqa.book_store.LoginTests" name="loginPositiveTest" time="7.074"/>
</testsuite> <!-- demoqa.book_store.LoginTests -->
